0 info it worked if it ends with ok
1 verbose cli [ '/Users/me/.nvm/versions/node/v5.5.0/bin/node',
1 verbose cli   '/Users/me/.nvm/versions/node/v5.5.0/bin/npm',
1 verbose cli   'run',
1 verbose cli   'server' ]
2 info using npm@3.3.12
3 info using node@v5.5.0
4 verbose run-script [ 'preserver', 'server', 'postserver' ]
5 info lifecycle dd-monitor@1.0.0~preserver: dd-monitor@1.0.0
6 silly lifecycle dd-monitor@1.0.0~preserver: no script for preserver, continuing
7 info lifecycle dd-monitor@1.0.0~server: dd-monitor@1.0.0
8 verbose lifecycle dd-monitor@1.0.0~server: unsafe-perm in lifecycle true
9 verbose lifecycle dd-monitor@1.0.0~server: PATH: /Users/me/.nvm/versions/node/v5.5.0/lib/node_modules/npm/bin/node-gyp-bin:/Users/me/Projects/dd-monitor/node_modules/.bin:/Users/me/.rvm/gems/ruby-2.0.0-p0/bin:/Users/me/.rvm/gems/ruby-2.0.0-p0@global/bin:/Users/me/.rvm/rubies/ruby-2.0.0-p0/bin:/Users/me/.rvm/bin:/Users/me/.nvm/versions/node/v5.5.0/bin:/usr/local/heroku/bin:/usr/local/opt/php54/bin:/usr/local/mysql/bin:/Developer/usr/bin:/Developer/usr/libexec:/Developer/usr/sbin:/Developer/usr/local/bin:/usr/local/include/ImageMagick:/usr/local/sbin:/usr/local/bin:/usr/local/php5/bin:/Users/me/Projects/css3FontConverter:/Users/me/Projects/dbdump:/usr/local/share/npm/bin:/Users/me/Projects/android-sdk-macosx/tools:/Users/me/Projects/android-sdk-macosx/platform-tools:/usr/local/bin:/usr/bin:/bin:/usr/sbin:/sbin:/opt/X11/bin:/usr/local/git/bin:/Users/me/.rvm/bin:/Users/me/bin/FDK/Tools/osx:/Users/me/.rvm/bin:/Users/me/bin/FDK/Tools/osx
10 verbose lifecycle dd-monitor@1.0.0~server: CWD: /Users/me/Projects/dd-monitor
11 silly lifecycle dd-monitor@1.0.0~server: Args: [ '-c', 'babel-node server/index.js' ]
12 silly lifecycle dd-monitor@1.0.0~server: Returned: code: 1  signal: null
13 info lifecycle dd-monitor@1.0.0~server: Failed to exec server script
14 verbose stack Error: dd-monitor@1.0.0 server: `babel-node server/index.js`
14 verbose stack Exit status 1
14 verbose stack     at EventEmitter.<anonymous> (/Users/me/.nvm/versions/node/v5.5.0/lib/node_modules/npm/lib/utils/lifecycle.js:232:16)
14 verbose stack     at emitTwo (events.js:100:13)
14 verbose stack     at EventEmitter.emit (events.js:185:7)
14 verbose stack     at ChildProcess.<anonymous> (/Users/me/.nvm/versions/node/v5.5.0/lib/node_modules/npm/lib/utils/spawn.js:24:14)
14 verbose stack     at emitTwo (events.js:100:13)
14 verbose stack     at ChildProcess.emit (events.js:185:7)
14 verbose stack     at maybeClose (internal/child_process.js:821:16)
14 verbose stack     at Process.ChildProcess._handle.onexit (internal/child_process.js:211:5)
15 verbose pkgid dd-monitor@1.0.0
16 verbose cwd /Users/me/Projects/dd-monitor
17 error Darwin 15.3.0
18 error argv "/Users/me/.nvm/versions/node/v5.5.0/bin/node" "/Users/me/.nvm/versions/node/v5.5.0/bin/npm" "run" "server"
19 error node v5.5.0
20 error npm  v3.3.12
21 error code ELIFECYCLE
22 error dd-monitor@1.0.0 server: `babel-node server/index.js`
22 error Exit status 1
23 error Failed at the dd-monitor@1.0.0 server script 'babel-node server/index.js'.
23 error Make sure you have the latest version of node.js and npm installed.
23 error If you do, this is most likely a problem with the dd-monitor package,
23 error not with npm itself.
23 error Tell the author that this fails on your system:
23 error     babel-node server/index.js
23 error You can get their info via:
23 error     npm owner ls dd-monitor
23 error There is likely additional logging output above.
24 verbose exit [ 1, true ]
